<?xml version="1.0" encoding="utf-8"?><testsuites name="pytest tests"><testsuite name="pytest" errors="0" failures="2" skipped="0" tests="21" time="3.168" timestamp="2026-03-31T16:23:39.094413+00:00" hostname="agent-env-3f5bb7db-1274-4202-a2a1-b24ea7b547f9"><testcase classname="backend.tests.test_apis.TestSpaceAPIs" name="test_past_events_count" time="0.142" /><testcase classname="backend.tests.test_apis.TestSpaceAPIs" name="test_past_events_have_required_fields" time="0.119" /><testcase classname="backend.tests.test_apis.TestSpaceAPIs" name="test_present_events_count" time="0.148" /><testcase classname="backend.tests.test_apis.TestSpaceAPIs" name="test_future_events_count" time="0.141" /><testcase classname="backend.tests.test_apis.TestAstronomyObjects" name="test_objects_count" time="0.104" /><testcase classname="backend.tests.test_apis.TestAstronomyObjects" name="test_objects_have_tamil_names" time="0.112" /><testcase classname="backend.tests.test_apis.TestTimeline" name="test_timeline_count" time="0.118" /><testcase classname="backend.tests.test_apis.TestGallery" name="test_gallery_count" time="0.160" /><testcase classname="backend.tests.test_apis.TestGallery" name="test_gallery_has_image_urls" time="0.114" /><testcase classname="backend.tests.test_apis.TestAstrology" name="test_calculate_returns_rasi" time="0.120" /><testcase classname="backend.tests.test_apis.TestAstrology" name="test_calculate_panchangam_fields" time="0.114" /><testcase classname="backend.tests.test_new_apis.TestLiveAstronomy" name="test_live_astronomy_status" time="0.109" /><testcase classname="backend.tests.test_new_apis.TestLiveAstronomy" name="test_live_astronomy_has_lunar_phase" time="0.173"><failure message="AssertionError: Missing lunar_phase, keys: ['lunar', 'upcoming_events', 'space_fact']&#10;assert 'lunar_phase' in {'lunar': {'illumination': 96.6, 'phase_days': 13.0, 'phase_name': 'வளர்பிறை பூர்ணிமை'}, 'space_fact': {'english': 'The Moon drifts 3.8 cm further from Earth each year', 'tamil': 'நிலவு ஒவ்வொரு ஆண்டும் 3.8 செமீ பூமியிலிருந்து விலகுகிறது'}, 'upcoming_events': [{'category': 'இந்தியா', 'description_tamil': 'இந்திய விண்வெளி வீரர்கள் முதன்முறையாக ISRO ஏவுகணையில் விண்வெளி செல்வர்.', 'icon': '#x1F680', 'id': 'e9ab1304-c22c-4e3a-9356-121dae09a67c', ...}, {'category': 'நிலவு', 'description_tamil': 'முதல் பெண் நிலவில் காலடி வைப்பார். 52 ஆண்டுகளுக்கு பிறகு மனிதன் நிலவில்.', 'icon': '#x1F469\u200d#x1F680', 'id': '869bea81-62af-46f8-aa49-e9269fd05e77', ...}, {'category': 'இந்தியா', 'description_tamil': 'நிலவிலிருந்து மண் மாதிரிகள் பூமிக்கு திரும்பும். இஸ்ரோவின் தொழில்நுட்ப முன்னேற்றம்.', 'icon': '#x1F319', 'id': '1d1b32cb-5099-4d70-8554-0f6361789849', ...}]}">backend/tests/test_new_apis.py:20: in test_live_astronomy_has_lunar_phase
    assert "lunar_phase" in data, f"Missing lunar_phase, keys: {list(data.keys())}"
E   AssertionError: Missing lunar_phase, keys: ['lunar', 'upcoming_events', 'space_fact']
E   assert 'lunar_phase' in {'lunar': {'illumination': 96.6, 'phase_days': 13.0, 'phase_name': 'வளர்பிறை பூர்ணிமை'}, 'space_fact': {'english': 'The Moon drifts 3.8 cm further from Earth each year', 'tamil': 'நிலவு ஒவ்வொரு ஆண்டும் 3.8 செமீ பூமியிலிருந்து விலகுகிறது'}, 'upcoming_events': [{'category': 'இந்தியா', 'description_tamil': 'இந்திய விண்வெளி வீரர்கள் முதன்முறையாக ISRO ஏவுகணையில் விண்வெளி செல்வர்.', 'icon': '#x1F680', 'id': 'e9ab1304-c22c-4e3a-9356-121dae09a67c', ...}, {'category': 'நிலவு', 'description_tamil': 'முதல் பெண் நிலவில் காலடி வைப்பார். 52 ஆண்டுகளுக்கு பிறகு மனிதன் நிலவில்.', 'icon': '#x1F469\u200d#x1F680', 'id': '869bea81-62af-46f8-aa49-e9269fd05e77', ...}, {'category': 'இந்தியா', 'description_tamil': 'நிலவிலிருந்து மண் மாதிரிகள் பூமிக்கு திரும்பும். இஸ்ரோவின் தொழில்நுட்ப முன்னேற்றம்.', 'icon': '#x1F319', 'id': '1d1b32cb-5099-4d70-8554-0f6361789849', ...}]}</failure></testcase><testcase classname="backend.tests.test_new_apis.TestLiveAstronomy" name="test_live_astronomy_has_upcoming_events" time="0.104" /><testcase classname="backend.tests.test_new_apis.TestLiveAstronomy" name="test_live_astronomy_has_space_fact" time="0.114" /><testcase classname="backend.tests.test_new_apis.TestObjectsById" name="test_get_first_object_by_id" time="0.284" /><testcase classname="backend.tests.test_new_apis.TestObjectsById" name="test_object_has_required_fields" time="0.223" /><testcase classname="backend.tests.test_new_apis.TestObjectsById" name="test_invalid_object_id_returns_404" time="0.131" /><testcase classname="backend.tests.test_new_apis.TestGalleryById" name="test_get_first_gallery_item_by_id" time="0.228" /><testcase classname="backend.tests.test_new_apis.TestGalleryById" name="test_gallery_item_has_required_fields" time="0.211"><failure message="AssertionError: Missing field: title, keys: ['id', 'title_tamil', 'title_english', 'image_url', 'description_tamil', 'photographer', 'category']&#10;assert 'title' in {'category': 'பிரபஞ்சம்', 'description_tamil': '13 பில்லியன் ஆண்டுகள் பழமையான மங்கலங்களின் படம். ஒவ்வொரு ஒளிப்புள்ளியும் ஒரு முழு மங்கலம்!', 'id': 'fe870c3b-dcd1-4a3c-b9f3-6c87dae551e7', 'image_url': 'https://upload.wikimedia.org/wikipedia/commons/thumb/6/69/NASA-HS201427a-HubbleUltraDeepField2014-20140603.jpg/400px-NASA-HS201427a-HubbleUltraDeepField2014-20140603.jpg', ...}">backend/tests/test_new_apis.py:92: in test_gallery_item_has_required_fields
    assert field in data, f"Missing field: {field}, keys: {list(data.keys())}"
E   AssertionError: Missing field: title, keys: ['id', 'title_tamil', 'title_english', 'image_url', 'description_tamil', 'photographer', 'category']
E   assert 'title' in {'category': 'பிரபஞ்சம்', 'description_tamil': '13 பில்லியன் ஆண்டுகள் பழமையான மங்கலங்களின் படம். ஒவ்வொரு ஒளிப்புள்ளியும் ஒரு முழு மங்கலம்!', 'id': 'fe870c3b-dcd1-4a3c-b9f3-6c87dae551e7', 'image_url': 'https://upload.wikimedia.org/wikipedia/commons/thumb/6/69/NASA-HS201427a-HubbleUltraDeepField2014-20140603.jpg/400px-NASA-HS201427a-HubbleUltraDeepField2014-20140603.jpg', ...}</failure></testcase><testcase classname="backend.tests.test_new_apis.TestGalleryById" name="test_invalid_gallery_id_returns_404" time="0.106" /></testsuite></testsuites>