<?xml version="1.0" encoding="utf-8"?><testsuites name="pytest tests"><testsuite name="pytest" errors="0" failures="0" skipped="0" tests="11" time="1.647" timestamp="2026-03-31T15:19:03.441597+00:00" hostname="agent-env-3f5bb7db-1274-4202-a2a1-b24ea7b547f9"><testcase classname="backend.tests.test_apis.TestSpaceAPIs" name="test_past_events_count" time="0.243" /><testcase classname="backend.tests.test_apis.TestSpaceAPIs" name="test_past_events_have_required_fields" time="0.152" /><testcase classname="backend.tests.test_apis.TestSpaceAPIs" name="test_present_events_count" time="0.126" /><testcase classname="backend.tests.test_apis.TestSpaceAPIs" name="test_future_events_count" time="0.133" /><testcase classname="backend.tests.test_apis.TestAstronomyObjects" name="test_objects_count" time="0.119" /><testcase classname="backend.tests.test_apis.TestAstronomyObjects" name="test_objects_have_tamil_names" time="0.169" /><testcase classname="backend.tests.test_apis.TestTimeline" name="test_timeline_count" time="0.110" /><testcase classname="backend.tests.test_apis.TestGallery" name="test_gallery_count" time="0.104" /><testcase classname="backend.tests.test_apis.TestGallery" name="test_gallery_has_image_urls" time="0.117" /><testcase classname="backend.tests.test_apis.TestAstrology" name="test_calculate_returns_rasi" time="0.110" /><testcase classname="backend.tests.test_apis.TestAstrology" name="test_calculate_panchangam_fields" time="0.110" /></testsuite></testsuites>